# JRE version: OpenJDK Runtime Environment (21.0.7) (build 21.0.7+-13880790-b1038.58)
# Java VM: OpenJDK 64-Bit Server VM (21.0.7+-13880790-b1038.58, mixed mode, tiered, compressed oops, compressed class ptrs, g1 gc, windows-amd64)
GC Precious Log:
 CardTable entry size: 512
 Card Set container configuration: InlinePtr #cards 5 size 8 Array Of Cards #cards 12 size 40 Howl #buckets 4 coarsen threshold 1843 Howl Bitmap #cards 512 size 80 coarsen threshold 460 Card regions per heap region 1 cards per card region 2048
 CPUs: 8 total, 8 available
 Memory: 5965M
 Large Page Support: Disabled
 NUMA Support: Disabled
 Compressed Oops: Enabled (32-bit)
 Heap Region Size: 1M
 Heap Min Capacity: 8M
 Heap Initial Capacity: 94M
 Heap Max Capacity: 2G
 Pre-touch: Disabled
 Parallel Workers: 8
 Concurrent Workers: 2
 Concurrent Refinement Workers: 8
 Periodic GC: Disabled
Heap:
 garbage-first heap   total 228352K, used 125434K [0x0000000080000000, 0x0000000100000000)
  region size 1024K, 21 young (21504K), 11 survivors (11264K)
 Metaspace       used 82013K, committed 83968K, reserved 1179648K
  class space    used 11235K, committed 12224K, reserved 1048576K
GC Heap History (20 events):
Event: 14.679 GC heap before
{Heap before GC invocations=11 (full 0):
 garbage-first heap   total 80896K, used 71480K [0x0000000080000000, 0x0000000100000000)
  region size 1024K, 13 young (13312K), 1 survivors (1024K)
 Metaspace       used 39534K, committed 40448K, reserved 1114112K
  class space    used 5471K, committed 5888K, reserved 1048576K
}
Event: 14.681 GC heap after
{Heap after GC invocations=12 (full 0):
 garbage-first heap   total 80896K, used 60590K [0x0000000080000000, 0x0000000100000000)
  region size 1024K, 1 young (1024K), 1 survivors (1024K)
 Metaspace       used 39534K, committed 40448K, reserved 1114112K
  class space    used 5471K, committed 5888K, reserved 1048576K
}
Event: 21.082 GC heap before
{Heap before GC invocations=13 (full 0):
 garbage-first heap   total 102400K, used 72878K [0x0000000080000000, 0x0000000100000000)
  region size 1024K, 14 young (14336K), 1 survivors (1024K)
 Metaspace       used 41436K, committed 42368K, reserved 1114112K
  class space    used 5769K, committed 6208K, reserved 1048576K
}
Event: 21.085 GC heap after
{Heap after GC invocations=14 (full 0):
 garbage-first heap   total 102400K, used 61786K [0x0000000080000000, 0x0000000100000000)
  region size 1024K, 2 young (2048K), 2 survivors (2048K)
 Metaspace       used 41436K, committed 42368K, reserved 1114112K
  class space    used 5769K, committed 6208K, reserved 1048576K
}
Event: 23.114 GC heap before
{Heap before GC invocations=14 (full 0):
 garbage-first heap   total 102400K, used 92506K [0x0000000080000000, 0x0000000100000000)
  region size 1024K, 33 young (33792K), 2 survivors (2048K)
 Metaspace       used 46189K, committed 47104K, reserved 1114112K
  class space    used 6230K, committed 6656K, reserved 1048576K
}
Event: 23.122 GC heap after
{Heap after GC invocations=15 (full 0):
 garbage-first heap   total 102400K, used 64984K [0x0000000080000000, 0x0000000100000000)
  region size 1024K, 5 young (5120K), 5 survivors (5120K)
 Metaspace       used 46189K, committed 47104K, reserved 1114112K
  class space    used 6230K, committed 6656K, reserved 1048576K
}
Event: 23.909 GC heap before
{Heap before GC invocations=15 (full 0):
 garbage-first heap   total 102400K, used 81368K [0x0000000080000000, 0x0000000100000000)
  region size 1024K, 23 young (23552K), 5 survivors (5120K)
 Metaspace       used 47247K, committed 48256K, reserved 1114112K
  class space    used 6380K, committed 6848K, reserved 1048576K
}
Event: 23.916 GC heap after
{Heap after GC invocations=16 (full 0):
 garbage-first heap   total 102400K, used 66793K [0x0000000080000000, 0x0000000100000000)
  region size 1024K, 3 young (3072K), 3 survivors (3072K)
 Metaspace       used 47247K, committed 48256K, reserved 1114112K
  class space    used 6380K, committed 6848K, reserved 1048576K
}
Event: 27.359 GC heap before
{Heap before GC invocations=17 (full 0):
 garbage-first heap   total 121856K, used 96489K [0x0000000080000000, 0x0000000100000000)
  region size 1024K, 27 young (27648K), 3 survivors (3072K)
 Metaspace       used 50709K, committed 51904K, reserved 1114112K
  class space    used 6812K, committed 7360K, reserved 1048576K
}
Event: 27.364 GC heap after
{Heap after GC invocations=18 (full 0):
 garbage-first heap   total 121856K, used 68331K [0x0000000080000000, 0x0000000100000000)
  region size 1024K, 2 young (2048K), 2 survivors (2048K)
 Metaspace       used 50709K, committed 51904K, reserved 1114112K
  class space    used 6812K, committed 7360K, reserved 1048576K
}
Event: 29.905 GC heap before
{Heap before GC invocations=18 (full 0):
 garbage-first heap   total 121856K, used 110315K [0x0000000080000000, 0x0000000100000000)
  region size 1024K, 44 young (45056K), 2 survivors (2048K)
 Metaspace       used 55823K, committed 57280K, reserved 1114112K
  class space    used 7672K, committed 8384K, reserved 1048576K
}
Event: 29.912 GC heap after
{Heap after GC invocations=19 (full 0):
 garbage-first heap   total 221184K, used 69993K [0x0000000080000000, 0x0000000100000000)
  region size 1024K, 4 young (4096K), 4 survivors (4096K)
 Metaspace       used 55823K, committed 57280K, reserved 1114112K
  class space    used 7672K, committed 8384K, reserved 1048576K
}
Event: 35.482 GC heap before
{Heap before GC invocations=19 (full 0):
 garbage-first heap   total 221184K, used 215401K [0x0000000080000000, 0x0000000100000000)
  region size 1024K, 129 young (132096K), 4 survivors (4096K)
 Metaspace       used 66230K, committed 67840K, reserved 1114112K
  class space    used 9087K, committed 9856K, reserved 1048576K
}
Event: 35.492 GC heap after
{Heap after GC invocations=20 (full 0):
 garbage-first heap   total 228352K, used 93165K [0x0000000080000000, 0x0000000100000000)
  region size 1024K, 11 young (11264K), 11 survivors (11264K)
 Metaspace       used 66230K, committed 67840K, reserved 1114112K
  class space    used 9087K, committed 9856K, reserved 1048576K
}
Event: 48.011 GC heap before
{Heap before GC invocations=20 (full 0):
 garbage-first heap   total 228352K, used 201709K [0x0000000080000000, 0x0000000100000000)
  region size 1024K, 118 young (120832K), 11 survivors (11264K)
 Metaspace       used 74319K, committed 76160K, reserved 1179648K
  class space    used 10283K, committed 11200K, reserved 1048576K
}
Event: 48.029 GC heap after
{Heap after GC invocations=21 (full 0):
 garbage-first heap   total 228352K, used 101620K [0x0000000080000000, 0x0000000100000000)
  region size 1024K, 15 young (15360K), 15 survivors (15360K)
 Metaspace       used 74319K, committed 76160K, reserved 1179648K
  class space    used 10283K, committed 11200K, reserved 1048576K
}
Event: 49.440 GC heap before
{Heap before GC invocations=21 (full 0):
 garbage-first heap   total 228352K, used 198900K [0x0000000080000000, 0x0000000100000000)
  region size 1024K, 111 young (113664K), 15 survivors (15360K)
 Metaspace       used 74578K, committed 76416K, reserved 1179648K
  class space    used 10284K, committed 11200K, reserved 1048576K
}
Event: 49.457 GC heap after
{Heap after GC invocations=22 (full 0):
 garbage-first heap   total 228352K, used 104226K [0x0000000080000000, 0x0000000100000000)
  region size 1024K, 6 young (6144K), 6 survivors (6144K)
 Metaspace       used 74578K, committed 76416K, reserved 1179648K
  class space    used 10284K, committed 11200K, reserved 1048576K
}
Event: 53.714 GC heap before
{Heap before GC invocations=23 (full 0):
 garbage-first heap   total 228352K, used 213794K [0x0000000080000000, 0x0000000100000000)
  region size 1024K, 107 young (109568K), 6 survivors (6144K)
 Metaspace       used 80919K, committed 82816K, reserved 1179648K
  class space    used 11033K, committed 11968K, reserved 1048576K
}
Event: 53.720 GC heap after
{Heap after GC invocations=24 (full 0):
 garbage-first heap   total 228352K, used 116218K [0x0000000080000000, 0x0000000100000000)
  region size 1024K, 11 young (11264K), 11 survivors (11264K)
 Metaspace       used 80919K, committed 82816K, reserved 1179648K
  class space    used 11033K, committed 11968K, reserved 1048576K
}

