# JRE version: OpenJDK Runtime Environment (21.0.7) (build 21.0.7+-13880790-b1038.58)
# Java VM: OpenJDK 64-Bit Server VM (21.0.7+-13880790-b1038.58, mixed mode, tiered, compressed oops, compressed class ptrs, g1 gc, windows-amd64)
GC Precious Log:
 CardTable entry size: 512
 Card Set container configuration: InlinePtr #cards 5 size 8 Array Of Cards #cards 12 size 40 Howl #buckets 4 coarsen threshold 1843 Howl Bitmap #cards 512 size 80 coarsen threshold 460 Card regions per heap region 1 cards per card region 2048
 CPUs: 8 total, 8 available
 Memory: 5965M
 Large Page Support: Disabled
 NUMA Support: Disabled
 Compressed Oops: Enabled (32-bit)
 Heap Region Size: 1M
 Heap Min Capacity: 8M
 Heap Initial Capacity: 94M
 Heap Max Capacity: 2G
 Pre-touch: Disabled
 Parallel Workers: 8
 Concurrent Workers: 2
 Concurrent Refinement Workers: 8
 Periodic GC: Disabled
Heap:
 garbage-first heap   total 104448K, used 62329K [0x0000000080000000, 0x0000000100000000)
  region size 1024K, 4 young (4096K), 2 survivors (2048K)
 Metaspace       used 41804K, committed 42752K, reserved 1114112K
  class space    used 5785K, committed 6272K, reserved 1048576K
GC Heap History (20 events):
Event: 1.225 GC heap before
{Heap before GC invocations=0 (full 0):
 garbage-first heap   total 96256K, used 22528K [0x0000000080000000, 0x0000000100000000)
  region size 1024K, 23 young (23552K), 0 survivors (0K)
 Metaspace       used 8104K, committed 8192K, reserved 1114112K
  class space    used 731K, committed 768K, reserved 1048576K
}
Event: 1.231 GC heap after
{Heap after GC invocations=1 (full 0):
 garbage-first heap   total 96256K, used 2304K [0x0000000080000000, 0x0000000100000000)
  region size 1024K, 3 young (3072K), 3 survivors (3072K)
 Metaspace       used 8104K, committed 8192K, reserved 1114112K
  class space    used 731K, committed 768K, reserved 1048576K
}
Event: 3.321 GC heap before
{Heap before GC invocations=1 (full 0):
 garbage-first heap   total 96256K, used 40192K [0x0000000080000000, 0x0000000100000000)
  region size 1024K, 38 young (38912K), 3 survivors (3072K)
 Metaspace       used 12328K, committed 12480K, reserved 1114112K
  class space    used 1318K, committed 1408K, reserved 1048576K
}
Event: 3.332 GC heap after
{Heap after GC invocations=2 (full 0):
 garbage-first heap   total 96256K, used 10707K [0x0000000080000000, 0x0000000100000000)
  region size 1024K, 5 young (5120K), 5 survivors (5120K)
 Metaspace       used 12328K, committed 12480K, reserved 1114112K
  class space    used 1318K, committed 1408K, reserved 1048576K
}
Event: 5.368 GC heap before
{Heap before GC invocations=2 (full 0):
 garbage-first heap   total 96256K, used 56787K [0x0000000080000000, 0x0000000100000000)
  region size 1024K, 48 young (49152K), 5 survivors (5120K)
 Metaspace       used 12998K, committed 13184K, reserved 1114112K
  class space    used 1424K, committed 1472K, reserved 1048576K
}
Event: 5.379 GC heap after
{Heap after GC invocations=3 (full 0):
 garbage-first heap   total 96256K, used 16653K [0x0000000080000000, 0x0000000100000000)
  region size 1024K, 5 young (5120K), 5 survivors (5120K)
 Metaspace       used 12998K, committed 13184K, reserved 1114112K
  class space    used 1424K, committed 1472K, reserved 1048576K
}
Event: 7.481 GC heap before
{Heap before GC invocations=3 (full 0):
 garbage-first heap   total 96256K, used 41229K [0x0000000080000000, 0x0000000100000000)
  region size 1024K, 30 young (30720K), 5 survivors (5120K)
 Metaspace       used 21214K, committed 21504K, reserved 1114112K
  class space    used 2468K, committed 2624K, reserved 1048576K
}
Event: 7.492 GC heap after
{Heap after GC invocations=4 (full 0):
 garbage-first heap   total 96256K, used 20286K [0x0000000080000000, 0x0000000100000000)
  region size 1024K, 4 young (4096K), 4 survivors (4096K)
 Metaspace       used 21214K, committed 21504K, reserved 1114112K
  class space    used 2468K, committed 2624K, reserved 1048576K
}
Event: 9.312 GC heap before
{Heap before GC invocations=5 (full 0):
 garbage-first heap   total 71680K, used 59198K [0x0000000080000000, 0x0000000100000000)
  region size 1024K, 42 young (43008K), 4 survivors (4096K)
 Metaspace       used 27937K, committed 28480K, reserved 1114112K
  class space    used 3505K, committed 3776K, reserved 1048576K
}
Event: 9.316 GC heap after
{Heap after GC invocations=6 (full 0):
 garbage-first heap   total 71680K, used 22455K [0x0000000080000000, 0x0000000100000000)
  region size 1024K, 3 young (3072K), 3 survivors (3072K)
 Metaspace       used 27937K, committed 28480K, reserved 1114112K
  class space    used 3505K, committed 3776K, reserved 1048576K
}
Event: 11.095 GC heap before
{Heap before GC invocations=6 (full 0):
 garbage-first heap   total 71680K, used 55223K [0x0000000080000000, 0x0000000100000000)
  region size 1024K, 35 young (35840K), 3 survivors (3072K)
 Metaspace       used 32216K, committed 32896K, reserved 1114112K
  class space    used 4274K, committed 4608K, reserved 1048576K
}
Event: 11.100 GC heap after
{Heap after GC invocations=7 (full 0):
 garbage-first heap   total 71680K, used 25053K [0x0000000080000000, 0x0000000100000000)
  region size 1024K, 5 young (5120K), 5 survivors (5120K)
 Metaspace       used 32216K, committed 32896K, reserved 1114112K
  class space    used 4274K, committed 4608K, reserved 1048576K
}
Event: 12.459 GC heap before
{Heap before GC invocations=7 (full 0):
 garbage-first heap   total 71680K, used 46557K [0x0000000080000000, 0x0000000100000000)
  region size 1024K, 27 young (27648K), 5 survivors (5120K)
 Metaspace       used 35324K, committed 36096K, reserved 1114112K
  class space    used 4819K, committed 5184K, reserved 1048576K
}
Event: 12.465 GC heap after
{Heap after GC invocations=8 (full 0):
 garbage-first heap   total 71680K, used 26565K [0x0000000080000000, 0x0000000100000000)
  region size 1024K, 4 young (4096K), 4 survivors (4096K)
 Metaspace       used 35324K, committed 36096K, reserved 1114112K
  class space    used 4819K, committed 5184K, reserved 1048576K
}
Event: 13.310 GC heap before
{Heap before GC invocations=9 (full 0):
 garbage-first heap   total 71680K, used 70597K [0x0000000080000000, 0x0000000100000000)
  region size 1024K, 20 young (20480K), 4 survivors (4096K)
 Metaspace       used 36518K, committed 37376K, reserved 1114112K
  class space    used 5028K, committed 5440K, reserved 1048576K
}
Event: 13.316 GC heap after
{Heap after GC invocations=10 (full 0):
 garbage-first heap   total 81920K, used 61139K [0x0000000080000000, 0x0000000100000000)
  region size 1024K, 5 young (5120K), 5 survivors (5120K)
 Metaspace       used 36518K, committed 37376K, reserved 1114112K
  class space    used 5028K, committed 5440K, reserved 1048576K
}
Event: 13.987 GC heap before
{Heap before GC invocations=10 (full 0):
 garbage-first heap   total 81920K, used 72403K [0x0000000080000000, 0x0000000100000000)
  region size 1024K, 16 young (16384K), 5 survivors (5120K)
 Metaspace       used 38083K, committed 38912K, reserved 1114112K
  class space    used 5236K, committed 5632K, reserved 1048576K
}
Event: 13.990 GC heap after
{Heap after GC invocations=11 (full 0):
 garbage-first heap   total 81920K, used 60817K [0x0000000080000000, 0x0000000100000000)
  region size 1024K, 1 young (1024K), 1 survivors (1024K)
 Metaspace       used 38083K, committed 38912K, reserved 1114112K
  class space    used 5236K, committed 5632K, reserved 1048576K
}
Event: 15.814 GC heap before
{Heap before GC invocations=11 (full 0):
 garbage-first heap   total 81920K, used 74129K [0x0000000080000000, 0x0000000100000000)
  region size 1024K, 14 young (14336K), 1 survivors (1024K)
 Metaspace       used 39801K, committed 40768K, reserved 1114112K
  class space    used 5527K, committed 6016K, reserved 1048576K
}
Event: 15.817 GC heap after
{Heap after GC invocations=12 (full 0):
 garbage-first heap   total 81920K, used 61497K [0x0000000080000000, 0x0000000100000000)
  region size 1024K, 2 young (2048K), 2 survivors (2048K)
 Metaspace       used 39801K, committed 40768K, reserved 1114112K
  class space    used 5527K, committed 6016K, reserved 1048576K
}

